python : test_dnc_mov
e_explanation (tests.
test_visualization_la
yer.TestVisualization
Layer.test_dnc_move_e
xplanation)
At line:1 char:78
+ ... ham_Games"; 
python -m unittest 
-v tests/test_visuali
zation_layer.py 2 ...
+                 ~~~
~~~~~~~~~~~~~~~~~~~~~
~~~~~~~~~~~~~~~~~~~~~
~~~~~~~~~~~~
    + CategoryInfo   
           : NotSpe  
  cified: (test_dn   
 c_move_e...ve_ex    
planation):Strin    
g) [], RemoteExc    
eption
    + FullyQualified 
   ErrorId : Native  
  CommandError
 
Verify 
DivideConquerSolver 
generates Regional 
explanation. ... ok
test_dp_move_explanat
ion (tests.test_visua
lization_layer.TestVi
sualizationLayer.test
_dp_move_explanation)
Verify DynamicProgram
mingSolver generates 
Global explanation 
with Certainty. ... 
ok
test_greedy_move_expl
anation (tests.test_v
isualization_layer.Te
stVisualizationLayer.
test_greedy_move_expl
anation)
Verify GreedySolver 
generates correct 
Local explanation. 
... FAIL

=====================
=====================
=====================
=======
FAIL: test_greedy_mov
e_explanation (tests.
test_visualization_la
yer.TestVisualization
Layer.test_greedy_mov
e_explanation)
Verify GreedySolver 
generates correct 
Local explanation.
---------------------
---------------------
---------------------
-------
Traceback (most 
recent call last):
  File 
"C:\Users\LAKSHMI NAR
AYANA\Desktop\Loopy_S
imonTatham_Games\test
s\test_visualization_
layer.py", line 23, 
in test_greedy_move_e
xplanation
    self.assertIsInst
ance(meta, 
MoveExplanation)
AssertionError: None 
is not an instance 
of <class 'logic.solv
ers.solver_interface.
MoveExplanation'>

---------------------
---------------------
---------------------
-------
Ran 3 tests in 0.647s

FAILED (failures=1)
